Standard Commons Logging discovery in action with spring-jcl: please remove commons-logging.jar from classpath in order to avoid potential conflicts

  .   ____          _            __ _ _
 /\\ / ___'_ __ _ _(_)_ __  __ _ \ \ \ \
( ( )\___ | '_ | '_| | '_ \/ _` | \ \ \ \
 \\/  ___)| |_)| | | | | || (_| |  ) ) ) )
  '  |____| .__|_| |_|_| |_\__, | / / / /
 =========|_|==============|___/=/_/_/_/
 :: Spring Boot ::                (v3.2.5)

2026-04-09T06:50:18.172Z  INFO 8714 --- [           main] com.backup.Application                   : Starting Application v1.0.0 using Java 17.0.18 with PID 8714 (/home/ubuntu/backup-app/backend/target/backup-app-1.0.0.jar started by root in /home/ubuntu/backup-app/backend)
2026-04-09T06:50:18.182Z  INFO 8714 --- [           main] com.backup.Application                   : No active profile set, falling back to 1 default profile: "default"
2026-04-09T06:50:19.577Z  INFO 8714 --- [           main] o.s.b.w.embedded.tomcat.TomcatWebServer  : Tomcat initialized with port 8080 (http)
2026-04-09T06:50:19.590Z  INFO 8714 --- [           main] o.apache.catalina.core.StandardService   : Starting service [Tomcat]
2026-04-09T06:50:19.591Z  INFO 8714 --- [           main] o.apache.catalina.core.StandardEngine    : Starting Servlet engine: [Apache Tomcat/10.1.20]
2026-04-09T06:50:19.634Z  INFO 8714 --- [           main] o.a.c.c.C.[Tomcat].[localhost].[/]       : Initializing Spring embedded WebApplicationContext
2026-04-09T06:50:19.635Z  INFO 8714 --- [           main] w.s.c.ServletWebServerApplicationContext : Root WebApplicationContext: initialization completed in 1338 ms
Standard Commons Logging discovery in action with spring-jcl: please remove commons-logging.jar from classpath in order to avoid potential conflicts
2026-04-09T06:50:19.730Z  WARN 8714 --- [           main] ConfigServletWebServerApplicationContext : Exception encountered during context initialization - cancelling refresh attempt: org.springframework.beans.factory.UnsatisfiedDependencyException: Error creating bean with name 'controller' defined in URL [jar:nested:/home/ubuntu/backup-app/backend/target/backup-app-1.0.0.jar/!BOOT-INF/classes/!/com/backup/Controller.class]: Unsatisfied dependency expressed through constructor parameter 0: No qualifying bean of type 'com.amazonaws.services.s3.AmazonS3' available: expected at least 1 bean which qualifies as autowire candidate. Dependency annotations: {}
2026-04-09T06:50:19.733Z  INFO 8714 --- [           main] o.apache.catalina.core.StandardService   : Stopping service [Tomcat]
2026-04-09T06:50:19.750Z  INFO 8714 --- [           main] .s.b.a.l.ConditionEvaluationReportLogger : 

Error starting ApplicationContext. To display the condition evaluation report re-run your application with 'debug' enabled.
2026-04-09T06:50:19.777Z ERROR 8714 --- [           main] o.s.b.d.LoggingFailureAnalysisReporter   : 

***************************
APPLICATION FAILED TO START
***************************

Description:

Parameter 0 of constructor in com.backup.Controller required a bean of type 'com.amazonaws.services.s3.AmazonS3' that could not be found.


Action:

Consider defining a bean of type 'com.amazonaws.services.s3.AmazonS3' in your configuration.

